26/12/2021 14:01:19	Este registro contiene información acerca de la operación de importación de esquema en el proyecto 'N5CompanyData' del equipo 'DESKTOP-FT74CSQ' por el usuario 'jsand'.
26/12/2021 14:01:20	Se inició la importación del esquema de la base de datos.
26/12/2021 14:01:26	Recopilando opciones de base de datos
26/12/2021 14:01:26	Recopilando usuarios
26/12/2021 14:01:26	Recopilando roles
26/12/2021 14:01:26	Recopilando roles de aplicación
26/12/2021 14:01:26	Recopilando pertenencias a roles
26/12/2021 14:01:26	Recopilando grupos de archivos
26/12/2021 14:01:26	Recopilando catálogos de texto completo
26/12/2021 14:01:26	Recopilando ensamblados
26/12/2021 14:01:26	Recopilando certificados
26/12/2021 14:01:26	Recopilando claves asimétricas
26/12/2021 14:01:26	Recopilando claves simétricas
26/12/2021 14:01:26	Recopilando claves simétricas cifradas
26/12/2021 14:01:26	Recopilando esquemas
26/12/2021 14:01:26	Recopilando colecciones de esquemas XML
26/12/2021 14:01:26	Recopilando tipos de datos definidos por el usuario
26/12/2021 14:01:26	Recopilando tipos definidos por el usuario
26/12/2021 14:01:26	Recopilando tipos de tabla
26/12/2021 14:01:26	Recopilando claves únicas para tipos de tabla
26/12/2021 14:01:26	Recopilando claves principales para tipos de tabla
26/12/2021 14:01:26	Recopilando índices para tipos de tablas
26/12/2021 14:01:26	Recopilando restricciones CHECK para tipos de tabla
26/12/2021 14:01:26	Recopilando restricciones DEFAULT para tipos de tabla
26/12/2021 14:01:26	Recopilando funciones de partición
26/12/2021 14:01:26	Recopilando esquemas de partición
26/12/2021 14:01:26	Recopilando funciones
26/12/2021 14:01:26	Recopilando funciones cifradas
26/12/2021 14:01:26	Recopilando agregados
26/12/2021 14:01:26	Recopilando procedimientos
26/12/2021 14:01:26	Recopilando procedimientos cifrados
26/12/2021 14:01:26	Recopilando tablas
26/12/2021 14:01:26	Recopilando claves principales
26/12/2021 14:01:26	Recopilando restricciones UNIQUE
26/12/2021 14:01:26	Recopilando claves externas
26/12/2021 14:01:26	Recopilando restricciones DEFAULT
26/12/2021 14:01:26	Recopilando restricciones CHECK
26/12/2021 14:01:26	Recopilando vistas
26/12/2021 14:01:26	Recopilando vistas cifradas
26/12/2021 14:01:26	Recopilando índices
26/12/2021 14:01:26	Recopilando estadísticas
26/12/2021 14:01:26	Recopilando listas de palabras irrelevantes de índices de texto completo
26/12/2021 14:01:26	Recopilando listas de propiedades de búsqueda
26/12/2021 14:01:26	Recopilando propiedades de búsqueda
26/12/2021 14:01:26	Recopilando índices de texto completo
26/12/2021 14:01:26	Recopilando índices de almacenamiento de columnas
26/12/2021 14:01:26	Recopilando índices espaciales
26/12/2021 14:01:26	Recopilando índices XML
26/12/2021 14:01:26	Recopilando índices XML selectivos
26/12/2021 14:01:26	Recopilando desencadenadores cifrados
26/12/2021 14:01:26	Recopilando desencadenadores
26/12/2021 14:01:26	Recopilando DDL triggers cifrados y de CLR
26/12/2021 14:01:26	Recopilando DDL triggers
26/12/2021 14:01:26	Recopilando sinónimos
26/12/2021 14:01:26	Recopilando valores predeterminados
26/12/2021 14:01:26	Recopilando enlaces UDDT de restricción de datos
26/12/2021 14:01:26	Recopilando reglas
26/12/2021 14:01:26	Recopilando enlaces UDDT de restricción de datos
26/12/2021 14:01:26	Recopilando tipos de mensaje
26/12/2021 14:01:26	Recopilando colas
26/12/2021 14:01:26	Recopilando contratos
26/12/2021 14:01:26	Recopilando servicios
26/12/2021 14:01:26	Recopilando notificaciones de eventos
26/12/2021 14:01:26	Recopilando enlaces de servicio remoto
26/12/2021 14:01:26	Recopilando prioridades de Broker
26/12/2021 14:01:26	Recopilando firmas
26/12/2021 14:01:26	Recopilando opciones de compresión de datos
26/12/2021 14:01:26	Recopilando tipos de secuencia
26/12/2021 14:01:26	Recopilando propiedades extendidas
26/12/2021 14:01:27	Recopilando credenciales
26/12/2021 14:01:27	Recopilando inicios de sesión
26/12/2021 14:01:27	Recopilando auditorías de servidor
26/12/2021 14:01:28	Buscando elementos duplicados en el proyecto
26/12/2021 14:01:28	Ha finalizado el procesamiento de los elementos duplicados
26/12/2021 14:01:28	Finalizó la importación de la base de datos.
26/12/2021 14:01:28	Se guardó un resumen de la importación en la siguiente ubicación: C:\Users\jsand\OneDrive\Documentos\Visual Studio 2019\Projects\WebApi_N5Company\N5CompanyData\Registros de importación de esquemas\N5CompanyData_20211226070119.log
26/12/2021 14:01:28	Haga clic en Finalizar para continuar...
